<?xml version="1.0" encoding="UTF-8"?>
<!-- Generated by org.testng.reporters.JUnitReportReporter -->
<testsuite hostname="vectoneqas-MacBook-Air.local" failures="0" tests="2" name="KCLASS.Demo" time="18.120" errors="0" timestamp="2024-07-29T20:36:01 IST" skipped="0">
  <testcase classname="KCLASS.Demo" name="a_setup" time="18.117"/>
  <testcase classname="KCLASS.Demo" name="b_login" time="0.003"/>
</testsuite> <!-- KCLASS.Demo -->
